  main.cpp
C:\Users\Dimo\Desktop\DnD\DnD\DnD\ECS\ECS.h(34,21): warning C4018: '<': signed/unsigned mismatch
C:\Users\Dimo\Desktop\DnD\DnD\DnD\ECS\ECS.h(39,21): warning C4018: '<': signed/unsigned mismatch
C:\Users\Dimo\Desktop\DnD\DnD\DnD\ECS\ECS.h(93,21): warning C4018: '<': signed/unsigned mismatch
C:\Users\Dimo\Desktop\DnD\DnD\DnD\ECS\ECS.h(98,21): warning C4018: '<': signed/unsigned mismatch
C:\Users\Dimo\Desktop\DnD\DnD\DnD\main.cpp(32,20): warning C4018: '<': signed/unsigned mismatch
C:\Users\Dimo\Desktop\DnD\DnD\DnD\Structures\Vector.h(94,12): warning C4018: '<': signed/unsigned mismatch
C:\Users\Dimo\Desktop\DnD\DnD\DnD\Structures\Vector.h(93): message : while compiling class template member function 'T &Vector<T>::operator [](int)'
          with
          [
              T=Component *
          ]
C:\Users\Dimo\Desktop\DnD\DnD\DnD\ECS\ECS.h(35): message : see reference to function template instantiation 'T &Vector<T>::operator [](int)' being compiled
          with
          [
              T=Component *
          ]
C:\Users\Dimo\Desktop\DnD\DnD\DnD\ECS\ECS.h(25): message : see reference to class template instantiation 'Vector<Component *>' being compiled
C:\Users\Dimo\Desktop\DnD\DnD\DnD\ECS\ECS.h(76,1): error C2678: binary '[': no operator found which takes a left-hand operand of type 'const Map<size_t,size_t>' (or there is no acceptable conversion)
C:\Users\Dimo\Desktop\DnD\DnD\DnD\Structures\Map.h(16,5): message : could be 'D &Map<size_t,D>::operator [](T &)'
          with
          [
              D=size_t,
              T=size_t
          ]
C:\Users\Dimo\Desktop\DnD\DnD\DnD\ECS\ECS.h(76,1): message : while trying to match the argument list '(const Map<size_t,size_t>, int)'
C:\Users\Dimo\Desktop\DnD\DnD\DnD\main.cpp(33): message : see reference to function template instantiation 'T &Entity::getComponent<TestCMP>(void) const' being compiled
          with
          [
              T=TestCMP
          ]
C:\Users\Dimo\Desktop\DnD\DnD\DnD\ECS\ECS.h(77,1): error C2678: binary '[': no operator found which takes a left-hand operand of type 'const Vector<Component *>' (or there is no acceptable conversion)
C:\Users\Dimo\Desktop\DnD\DnD\DnD\Structures\Vector.h(22,5): message : could be 'T &Vector<T>::operator [](int)'
          with
          [
              T=Component *
          ]
C:\Users\Dimo\Desktop\DnD\DnD\DnD\ECS\ECS.h(77,1): message : while trying to match the argument list '(const Vector<Component *>, size_t)'
