c:\users\dimo\desktop\dnd\dnd\dnd\x64\debug\vc142.pdb
c:\users\dimo\desktop\dnd\dnd\dnd\x64\debug\vc142.idb
c:\users\dimo\desktop\dnd\dnd\dnd\x64\debug\weapon.obj
c:\users\dimo\desktop\dnd\dnd\dnd\x64\debug\spell.obj
c:\users\dimo\desktop\dnd\dnd\dnd\x64\debug\item.obj
c:\users\dimo\desktop\dnd\dnd\dnd\x64\debug\armor.obj
c:\users\dimo\desktop\dnd\dnd\dnd\x64\debug\treasurecomponent.obj
c:\users\dimo\desktop\dnd\dnd\dnd\x64\debug\transformcomponent.obj
c:\users\dimo\desktop\dnd\dnd\dnd\x64\debug\tilecomponent.obj
c:\users\dimo\desktop\dnd\dnd\dnd\x64\debug\statscomponent.obj
c:\users\dimo\desktop\dnd\dnd\dnd\x64\debug\spritecomponent.obj
c:\users\dimo\desktop\dnd\dnd\dnd\x64\debug\saveinfilecomponent.obj
c:\users\dimo\desktop\dnd\dnd\dnd\x64\debug\playercomponent.obj
c:\users\dimo\desktop\dnd\dnd\dnd\x64\debug\monsteraicomponent.obj
c:\users\dimo\desktop\dnd\dnd\dnd\x64\debug\keyboardcomponent.obj
c:\users\dimo\desktop\dnd\dnd\dnd\x64\debug\inventorycomponent.obj
c:\users\dimo\desktop\dnd\dnd\dnd\x64\debug\combatcomponent.obj
c:\users\dimo\desktop\dnd\dnd\dnd\x64\debug\ecs.obj
c:\users\dimo\desktop\dnd\dnd\dnd\x64\debug\main.obj
c:\users\dimo\desktop\dnd\dnd\dnd\x64\debug\engine.obj
c:\users\dimo\desktop\dnd\dnd\dnd\x64\debug\gamecontroller.obj
c:\users\dimo\desktop\dnd\dnd\dnd\x64\debug\createplayercontroller.obj
c:\users\dimo\desktop\dnd\dnd\dnd\x64\debug\gameview.obj
c:\users\dimo\desktop\dnd\dnd\dnd\x64\debug\consoleviewer.obj
c:\users\dimo\desktop\dnd\dnd\dnd\x64\debug\battleview.obj
c:\users\dimo\desktop\dnd\dnd\dnd\x64\debug\vector2d.obj
c:\users\dimo\desktop\dnd\dnd\dnd\x64\debug\string.obj
c:\users\dimo\desktop\dnd\dnd\dnd\x64\debug\texturemanager.obj
c:\users\dimo\desktop\dnd\dnd\dnd\x64\debug\randomvalues.obj
c:\users\dimo\desktop\dnd\dnd\dnd\x64\debug\nextlevelsystem.obj
c:\users\dimo\desktop\dnd\dnd\dnd\x64\debug\menu.obj
c:\users\dimo\desktop\dnd\dnd\dnd\x64\debug\map.obj
c:\users\dimo\desktop\dnd\dnd\dnd\x64\debug\getdistance.obj
c:\users\dimo\desktop\dnd\dnd\dnd\x64\debug\game.obj
c:\users\dimo\desktop\dnd\dnd\dnd\x64\debug\findtreasuresystem.obj
c:\users\dimo\desktop\dnd\dnd\dnd\x64\debug\filemanager.obj
c:\users\dimo\desktop\dnd\dnd\dnd\x64\debug\battlesystem.obj
c:\users\dimo\desktop\dnd\dnd\x64\debug\dnd.pdb
c:\users\dimo\desktop\dnd\dnd\dnd\x64\debug\dnd.tlog\cl.command.1.tlog
c:\users\dimo\desktop\dnd\dnd\dnd\x64\debug\dnd.tlog\cl.read.1.tlog
c:\users\dimo\desktop\dnd\dnd\dnd\x64\debug\dnd.tlog\cl.write.1.tlog
c:\users\dimo\desktop\dnd\dnd\dnd\x64\debug\dnd.tlog\link-cvtres.read.1.tlog
c:\users\dimo\desktop\dnd\dnd\dnd\x64\debug\dnd.tlog\link-cvtres.write.1.tlog
c:\users\dimo\desktop\dnd\dnd\dnd\x64\debug\dnd.tlog\link-rc.read.1.tlog
c:\users\dimo\desktop\dnd\dnd\dnd\x64\debug\dnd.tlog\link-rc.write.1.tlog
c:\users\dimo\desktop\dnd\dnd\dnd\x64\debug\dnd.tlog\link.command.1.tlog
c:\users\dimo\desktop\dnd\dnd\dnd\x64\debug\dnd.tlog\link.read.1.tlog
c:\users\dimo\desktop\dnd\dnd\dnd\x64\debug\dnd.tlog\link.write.1.tlog
